Script started on 2026-01-25 21:57:00+00:00 [TERM="xterm" TTY="/dev/pts/3" COLUMNS="80" LINES="24"]
././FabricServer\
	--domain=AF_UNIX --cmdFile=

        SystemC 2.3.4-Accellera --- Feb 12 2024 19:17:52
        Copyright (c) 1996-2022 by all Contributors,
        ALL RIGHTS RESERVED
=+= VSI-DB-INFO: Ending Parser
=+= VSI-SIMCTRL-INFO: Setting step size = 100000000
+=+ XLVIP-INFO: XlSyscTlmResetServer::connect() conduitName=:resetServerConduit0 index=0 calling uvmc_connect<>() ...
Connecting an SC-side proxy port for 'fabricServer.resetServer.simple_target_socket_0' with lookup string ':resetServerConduit0' for later connection with SV

Warning: (W505) object already exists: fabricServer.uvmc_registry.:resetServerConduit0. Latter declaration will be renamed to fabricServer.uvmc_registry.:resetServerConduit0_0
In file: ../../../src/sysc/kernel/sc_object_manager.cpp:153

Warning: (W505) object already exists: fabricServer.uvmc_registry.:resetServerConduit0. Latter declaration will be renamed to fabricServer.uvmc_registry.:resetServerConduit0_1
In file: ../../../src/sysc/kernel/sc_object_manager.cpp:153
XLVIP-INFO: XlSyscTlmResetServer::connect() uvmc_connect<>() returnedProxy=0x2bf97390
Connecting an SC-side proxy port for 'fabricServer.timeServer.advanceTargetSocket' with lookup string ':timeServerConduit0' for later connection with SV

Warning: (W505) object already exists: fabricServer.uvmc_registry.:timeServerConduit0. Latter declaration will be renamed to fabricServer.uvmc_registry.:timeServerConduit0_0
In file: ../../../src/sysc/kernel/sc_object_manager.cpp:153

Warning: (W505) object already exists: fabricServer.uvmc_registry.:timeServerConduit0. Latter declaration will be renamed to fabricServer.uvmc_registry.:timeServerConduit0_1
In file: ../../../src/sysc/kernel/sc_object_manager.cpp:153
Connecting an SC-side proxy port for 'fabricServer.softSwitch.rxPort0' with lookup string ':txEtherFrameConduit0' for later connection with SV

Warning: (W505) object already exists: fabricServer.uvmc_registry.:txEtherFrameConduit0. Latter declaration will be renamed to fabricServer.uvmc_registry.:txEtherFrameConduit0_0
In file: ../../../src/sysc/kernel/sc_object_manager.cpp:153

Warning: (W505) object already exists: fabricServer.uvmc_registry.:txEtherFrameConduit0. Latter declaration will be renamed to fabricServer.uvmc_registry.:txEtherFrameConduit0_1
In file: ../../../src/sysc/kernel/sc_object_manager.cpp:153
Connecting an SC-side proxy chan for 'fabricServer.softSwitch.txPort0' with lookup string ':rxEtherFrameConduit0' for later connection with SV

Warning: (W505) object already exists: fabricServer.:rxEtherFrameConduit0. Latter declaration will be renamed to fabricServer.:rxEtherFrameConduit0_0
In file: ../../../src/sysc/kernel/sc_object_manager.cpp:153

Warning: (W505) object already exists: fabricServer.:rxEtherFrameConduit0. Latter declaration will be renamed to fabricServer.:rxEtherFrameConduit0_1
In file: ../../../src/sysc/kernel/sc_object_manager.cpp:153
Connecting an SC-side proxy chan for 'fabricServer.vsiSimCtrl.txPort0' with lookup string ':rxConfigPort0' for later connection with SV

Warning: (W505) object already exists: fabricServer.:rxConfigPort0. Latter declaration will be renamed to fabricServer.:rxConfigPort0_0
In file: ../../../src/sysc/kernel/sc_object_manager.cpp:153

Warning: (W505) object already exists: fabricServer.:rxConfigPort0. Latter declaration will be renamed to fabricServer.:rxConfigPort0_1
In file: ../../../src/sysc/kernel/sc_object_manager.cpp:153
Connecting an SC-side proxy port for 'fabricServer.vsiSimCtrl.rxPort0' with lookup string ':txConfigPort0' for later connection with SV

Warning: (W505) object already exists: fabricServer.uvmc_registry.:txConfigPort0. Latter declaration will be renamed to fabricServer.uvmc_registry.:txConfigPort0_0
In file: ../../../src/sysc/kernel/sc_object_manager.cpp:153

Warning: (W505) object already exists: fabricServer.uvmc_registry.:txConfigPort0. Latter declaration will be renamed to fabricServer.uvmc_registry.:txConfigPort0_1
In file: ../../../src/sysc/kernel/sc_object_manager.cpp:153
+=+ XLVIP-INFO: XlSyscTlmResetServer::connect() conduitName=:resetServerConduit1 index=1 calling uvmc_connect<>() ...
Connecting an SC-side proxy port for 'fabricServer.resetServer.simple_target_socket_1' with lookup string ':resetServerConduit1' for later connection with SV

Warning: (W505) object already exists: fabricServer.uvmc_registry.:resetServerConduit1. Latter declaration will be renamed to fabricServer.uvmc_registry.:resetServerConduit1_0
In file: ../../../src/sysc/kernel/sc_object_manager.cpp:153

Warning: (W505) object already exists: fabricServer.uvmc_registry.:resetServerConduit1. Latter declaration will be renamed to fabricServer.uvmc_registry.:resetServerConduit1_1
In file: ../../../src/sysc/kernel/sc_object_manager.cpp:153
XLVIP-INFO: XlSyscTlmResetServer::connect() uvmc_connect<>() returnedProxy=0x2bfaf7a0
Connecting an SC-side proxy port for 'fabricServer.imeServer.advanceTargetSocket' with lookup string ':timeServerConduit1' for later connection with SV

Warning: (W505) object already exists: fabricServer.uvmc_registry.:timeServerConduit1. Latter declaration will be renamed to fabricServer.uvmc_registry.:timeServerConduit1_0
In file: ../../../src/sysc/kernel/sc_object_manager.cpp:153

Warning: (W505) object already exists: fabricServer.uvmc_registry.:timeServerConduit1. Latter declaration will be renamed to fabricServer.uvmc_registry.:timeServerConduit1_1
In file: ../../../src/sysc/kernel/sc_object_manager.cpp:153
Connecting an SC-side proxy port for 'fabricServer.softSwitch.rxPort1' with lookup string ':txEtherFrameConduit1' for later connection with SV

Warning: (W505) object already exists: fabricServer.uvmc_registry.:txEtherFrameConduit1. Latter declaration will be renamed to fabricServer.uvmc_registry.:txEtherFrameConduit1_0
In file: ../../../src/sysc/kernel/sc_object_manager.cpp:153

Warning: (W505) object already exists: fabricServer.uvmc_registry.:txEtherFrameConduit1. Latter declaration will be renamed to fabricServer.uvmc_registry.:txEtherFrameConduit1_1
In file: ../../../src/sysc/kernel/sc_object_manager.cpp:153
Connecting an SC-side proxy chan for 'fabricServer.softSwitch.txPort1' with lookup string ':rxEtherFrameConduit1' for later connection with SV

Warning: (W505) object already exists: fabricServer.:rxEtherFrameConduit1. Latter declaration will be renamed to fabricServer.:rxEtherFrameConduit1_0
In file: ../../../src/sysc/kernel/sc_object_manager.cpp:153

Warning: (W505) object already exists: fabricServer.:rxEtherFrameConduit1. Latter declaration will be renamed to fabricServer.:rxEtherFrameConduit1_1
In file: ../../../src/sysc/kernel/sc_object_manager.cpp:153
Connecting an SC-side proxy chan for 'fabricServer.vsiSimCtrl.txPort1' with lookup string ':rxConfigPort1' for later connection with SV

Warning: (W505) object already exists: fabricServer.:rxConfigPort1. Latter declaration will be renamed to fabricServer.:rxConfigPort1_0
In file: ../../../src/sysc/kernel/sc_object_manager.cpp:153

Warning: (W505) object already exists: fabricServer.:rxConfigPort1. Latter declaration will be renamed to fabricServer.:rxConfigPort1_1
In file: ../../../src/sysc/kernel/sc_object_manager.cpp:153
Connecting an SC-side proxy port for 'fabricServer.vsiSimCtrl.rxPort1' with lookup string ':txConfigPort1' for later connection with SV

Warning: (W505) object already exists: fabricServer.uvmc_registry.:txConfigPort1. Latter declaration will be renamed to fabricServer.uvmc_registry.:txConfigPort1_0
In file: ../../../src/sysc/kernel/sc_object_manager.cpp:153

Warning: (W505) object already exists: fabricServer.uvmc_registry.:txConfigPort1. Latter declaration will be renamed to fabricServer.uvmc_registry.:txConfigPort1_1
In file: ../../../src/sysc/kernel/sc_object_manager.cpp:153
+=+ XLVIP-INFO: XlSyscTlmResetServer::connect() conduitName=:resetServerConduit2 index=2 calling uvmc_connect<>() ...
Connecting an SC-side proxy port for 'fabricServer.resetServer.simple_target_socket_2' with lookup string ':resetServerConduit2' for later connection with SV

Warning: (W505) object already exists: fabricServer.uvmc_registry.:resetServerConduit2. Latter declaration will be renamed to fabricServer.uvmc_registry.:resetServerConduit2_0
In file: ../../../src/sysc/kernel/sc_object_manager.cpp:153

Warning: (W505) object already exists: fabricServer.uvmc_registry.:resetServerConduit2. Latter declaration will be renamed to fabricServer.uvmc_registry.:resetServerConduit2_1
In file: ../../../src/sysc/kernel/sc_object_manager.cpp:153
XLVIP-INFO: XlSyscTlmResetServer::connect() uvmc_connect<>() returnedProxy=0x2bfc5910
Connecting an SC-side proxy port for 'fabricServer.meServer.advanceTargetSocket' with lookup string ':timeServerConduit2' for later connection with SV

Warning: (W505) object already exists: fabricServer.uvmc_registry.:timeServerConduit2. Latter declaration will be renamed to fabricServer.uvmc_registry.:timeServerConduit2_0
In file: ../../../src/sysc/kernel/sc_object_manager.cpp:153

Warning: (W505) object already exists: fabricServer.uvmc_registry.:timeServerConduit2. Latter declaration will be renamed to fabricServer.uvmc_registry.:timeServerConduit2_1
In file: ../../../src/sysc/kernel/sc_object_manager.cpp:153
Connecting an SC-side proxy port for 'fabricServer.softSwitch.rxPort2' with lookup string ':txEtherFrameConduit2' for later connection with SV

Warning: (W505) object already exists: fabricServer.uvmc_registry.:txEtherFrameConduit2. Latter declaration will be renamed to fabricServer.uvmc_registry.:txEtherFrameConduit2_0
In file: ../../../src/sysc/kernel/sc_object_manager.cpp:153

Warning: (W505) object already exists: fabricServer.uvmc_registry.:txEtherFrameConduit2. Latter declaration will be renamed to fabricServer.uvmc_registry.:txEtherFrameConduit2_1
In file: ../../../src/sysc/kernel/sc_object_manager.cpp:153
Connecting an SC-side proxy chan for 'fabricServer.softSwitch.txPort2' with lookup string ':rxEtherFrameConduit2' for later connection with SV

Warning: (W505) object already exists: fabricServer.:rxEtherFrameConduit2. Latter declaration will be renamed to fabricServer.:rxEtherFrameConduit2_0
In file: ../../../src/sysc/kernel/sc_object_manager.cpp:153

Warning: (W505) object already exists: fabricServer.:rxEtherFrameConduit2. Latter declaration will be renamed to fabricServer.:rxEtherFrameConduit2_1
In file: ../../../src/sysc/kernel/sc_object_manager.cpp:153
Connecting an SC-side proxy chan for 'fabricServer.vsiSimCtrl.txPort2' with lookup string ':rxConfigPort2' for later connection with SV

Warning: (W505) object already exists: fabricServer.:rxConfigPort2. Latter declaration will be renamed to fabricServer.:rxConfigPort2_0
In file: ../../../src/sysc/kernel/sc_object_manager.cpp:153

Warning: (W505) object already exists: fabricServer.:rxConfigPort2. Latter declaration will be renamed to fabricServer.:rxConfigPort2_1
In file: ../../../src/sysc/kernel/sc_object_manager.cpp:153
Connecting an SC-side proxy port for 'fabricServer.vsiSimCtrl.rxPort2' with lookup string ':txConfigPort2' for later connection with SV

Warning: (W505) object already exists: fabricServer.uvmc_registry.:txConfigPort2. Latter declaration will be renamed to fabricServer.uvmc_registry.:txConfigPort2_0
In file: ../../../src/sysc/kernel/sc_object_manager.cpp:153

Warning: (W505) object already exists: fabricServer.uvmc_registry.:txConfigPort2. Latter declaration will be renamed to fabricServer.uvmc_registry.:txConfigPort2_1
In file: ../../../src/sysc/kernel/sc_object_manager.cpp:153
+=+ XLVIP-INFO: XlSyscTlmResetServer::connect() conduitName=:resetServerConduit3 index=3 calling uvmc_connect<>() ...
Connecting an SC-side proxy port for 'fabricServer.resetServer.simple_target_socket_3' with lookup string ':resetServerConduit3' for later connection with SV

Warning: (W505) object already exists: fabricServer.uvmc_registry.:resetServerConduit3. Latter declaration will be renamed to fabricServer.uvmc_registry.:resetServerConduit3_0
In file: ../../../src/sysc/kernel/sc_object_manager.cpp:153

Warning: (W505) object already exists: fabricServer.uvmc_registry.:resetServerConduit3. Latter declaration will be renamed to fabricServer.uvmc_registry.:resetServerConduit3_1
In file: ../../../src/sysc/kernel/sc_object_manager.cpp:153
XLVIP-INFO: XlSyscTlmResetServer::connect() uvmc_connect<>() returnedProxy=0x2bfdc150
Connecting an SC-side proxy port for 'fabricServer.eServer.advanceTargetSocket' with lookup string ':timeServerConduit3' for later connection with SV

Warning: (W505) object already exists: fabricServer.uvmc_registry.:timeServerConduit3. Latter declaration will be renamed to fabricServer.uvmc_registry.:timeServerConduit3_0
In file: ../../../src/sysc/kernel/sc_object_manager.cpp:153

Warning: (W505) object already exists: fabricServer.uvmc_registry.:timeServerConduit3. Latter declaration will be renamed to fabricServer.uvmc_registry.:timeServerConduit3_1
In file: ../../../src/sysc/kernel/sc_object_manager.cpp:153
Connecting an SC-side proxy port for 'fabricServer.softSwitch.rxPort3' with lookup string ':txEtherFrameConduit3' for later connection with SV

Warning: (W505) object already exists: fabricServer.uvmc_registry.:txEtherFrameConduit3. Latter declaration will be renamed to fabricServer.uvmc_registry.:txEtherFrameConduit3_0
In file: ../../../src/sysc/kernel/sc_object_manager.cpp:153

Warning: (W505) object already exists: fabricServer.uvmc_registry.:txEtherFrameConduit3. Latter declaration will be renamed to fabricServer.uvmc_registry.:txEtherFrameConduit3_1
In file: ../../../src/sysc/kernel/sc_object_manager.cpp:153
Connecting an SC-side proxy chan for 'fabricServer.softSwitch.txPort3' with lookup string ':rxEtherFrameConduit3' for later connection with SV

Warning: (W505) object already exists: fabricServer.:rxEtherFrameConduit3. Latter declaration will be renamed to fabricServer.:rxEtherFrameConduit3_0
In file: ../../../src/sysc/kernel/sc_object_manager.cpp:153

Warning: (W505) object already exists: fabricServer.:rxEtherFrameConduit3. Latter declaration will be renamed to fabricServer.:rxEtherFrameConduit3_1
In file: ../../../src/sysc/kernel/sc_object_manager.cpp:153
Connecting an SC-side proxy chan for 'fabricServer.vsiSimCtrl.txPort3' with lookup string ':rxConfigPort3' for later connection with SV

Warning: (W505) object already exists: fabricServer.:rxConfigPort3. Latter declaration will be renamed to fabricServer.:rxConfigPort3_0
In file: ../../../src/sysc/kernel/sc_object_manager.cpp:153

Warning: (W505) object already exists: fabricServer.:rxConfigPort3. Latter declaration will be renamed to fabricServer.:rxConfigPort3_1
In file: ../../../src/sysc/kernel/sc_object_manager.cpp:153
Connecting an SC-side proxy port for 'fabricServer.vsiSimCtrl.rxPort3' with lookup string ':txConfigPort3' for later connection with SV

Warning: (W505) object already exists: fabricServer.uvmc_registry.:txConfigPort3. Latter declaration will be renamed to fabricServer.uvmc_registry.:txConfigPort3_0
In file: ../../../src/sysc/kernel/sc_object_manager.cpp:153

Warning: (W505) object already exists: fabricServer.uvmc_registry.:txConfigPort3. Latter declaration will be renamed to fabricServer.uvmc_registry.:txConfigPort3_1
In file: ../../../src/sysc/kernel/sc_object_manager.cpp:153
+=+ XLVIP-INFO: XlSyscTlmResetServer::connect() conduitName=:resetServerConduit4 index=4 calling uvmc_connect<>() ...
Connecting an SC-side proxy port for 'fabricServer.resetServer.simple_target_socket_4' with lookup string ':resetServerConduit4' for later connection with SV

Warning: (W505) object already exists: fabricServer.uvmc_registry.:resetServerConduit4. Latter declaration will be renamed to fabricServer.uvmc_registry.:resetServerConduit4_0
In file: ../../../src/sysc/kernel/sc_object_manager.cpp:153

Warning: (W505) object already exists: fabricServer.uvmc_registry.:resetServerConduit4. Latter declaration will be renamed to fabricServer.uvmc_registry.:resetServerConduit4_1
In file: ../../../src/sysc/kernel/sc_object_manager.cpp:153
XLVIP-INFO: XlSyscTlmResetServer::connect() uvmc_connect<>() returnedProxy=0x2bff2590
Connecting an SC-side proxy port for 'fabricServer.Server.advanceTargetSocket' with lookup string ':timeServerConduit4' for later connection with SV

Warning: (W505) object already exists: fabricServer.uvmc_registry.:timeServerConduit4. Latter declaration will be renamed to fabricServer.uvmc_registry.:timeServerConduit4_0
In file: ../../../src/sysc/kernel/sc_object_manager.cpp:153

Warning: (W505) object already exists: fabricServer.uvmc_registry.:timeServerConduit4. Latter declaration will be renamed to fabricServer.uvmc_registry.:timeServerConduit4_1
In file: ../../../src/sysc/kernel/sc_object_manager.cpp:153
Connecting an SC-side proxy port for 'fabricServer.softSwitch.rxPort4' with lookup string ':txEtherFrameConduit4' for later connection with SV

Warning: (W505) object already exists: fabricServer.uvmc_registry.:txEtherFrameConduit4. Latter declaration will be renamed to fabricServer.uvmc_registry.:txEtherFrameConduit4_0
In file: ../../../src/sysc/kernel/sc_object_manager.cpp:153

Warning: (W505) object already exists: fabricServer.uvmc_registry.:txEtherFrameConduit4. Latter declaration will be renamed to fabricServer.uvmc_registry.:txEtherFrameConduit4_1
In file: ../../../src/sysc/kernel/sc_object_manager.cpp:153
Connecting an SC-side proxy chan for 'fabricServer.softSwitch.txPort4' with lookup string ':rxEtherFrameConduit4' for later connection with SV

Warning: (W505) object already exists: fabricServer.:rxEtherFrameConduit4. Latter declaration will be renamed to fabricServer.:rxEtherFrameConduit4_0
In file: ../../../src/sysc/kernel/sc_object_manager.cpp:153

Warning: (W505) object already exists: fabricServer.:rxEtherFrameConduit4. Latter declaration will be renamed to fabricServer.:rxEtherFrameConduit4_1
In file: ../../../src/sysc/kernel/sc_object_manager.cpp:153
Connecting an SC-side proxy chan for 'fabricServer.vsiSimCtrl.txPort4' with lookup string ':rxConfigPort4' for later connection with SV

Warning: (W505) object already exists: fabricServer.:rxConfigPort4. Latter declaration will be renamed to fabricServer.:rxConfigPort4_0
In file: ../../../src/sysc/kernel/sc_object_manager.cpp:153

Warning: (W505) object already exists: fabricServer.:rxConfigPort4. Latter declaration will be renamed to fabricServer.:rxConfigPort4_1
In file: ../../../src/sysc/kernel/sc_object_manager.cpp:153
Connecting an SC-side proxy port for 'fabricServer.vsiSimCtrl.rxPort4' with lookup string ':txConfigPort4' for later connection with SV

Warning: (W505) object already exists: fabricServer.uvmc_registry.:txConfigPort4. Latter declaration will be renamed to fabricServer.uvmc_registry.:txConfigPort4_0
In file: ../../../src/sysc/kernel/sc_object_manager.cpp:153

Warning: (W505) object already exists: fabricServer.uvmc_registry.:txConfigPort4. Latter declaration will be renamed to fabricServer.uvmc_registry.:txConfigPort4_1
In file: ../../../src/sysc/kernel/sc_object_manager.cpp:153
+=+ XLVIP-INFO: XlSyscTlmResetServer::connect() conduitName=:resetServerConduit5 index=5 calling uvmc_connect<>() ...
Connecting an SC-side proxy port for 'fabricServer.resetServer.simple_target_socket_5' with lookup string ':resetServerConduit5' for later connection with SV

Warning: (W505) object already exists: fabricServer.uvmc_registry.:resetServerConduit5. Latter declaration will be renamed to fabricServer.uvmc_registry.:resetServerConduit5_0
In file: ../../../src/sysc/kernel/sc_object_manager.cpp:153

Warning: (W505) object already exists: fabricServer.uvmc_registry.:resetServerConduit5. Latter declaration will be renamed to fabricServer.uvmc_registry.:resetServerConduit5_1
In file: ../../../src/sysc/kernel/sc_object_manager.cpp:153
XLVIP-INFO: XlSyscTlmResetServer::connect() uvmc_connect<>() returnedProxy=0x2c008e60
Connecting an SC-side proxy port for 'fabricServer.erver.advanceTargetSocket' with lookup string ':timeServerConduit5' for later connection with SV

Warning: (W505) object already exists: fabricServer.uvmc_registry.:timeServerConduit5. Latter declaration will be renamed to fabricServer.uvmc_registry.:timeServerConduit5_0
In file: ../../../src/sysc/kernel/sc_object_manager.cpp:153

Warning: (W505) object already exists: fabricServer.uvmc_registry.:timeServerConduit5. Latter declaration will be renamed to fabricServer.uvmc_registry.:timeServerConduit5_1
In file: ../../../src/sysc/kernel/sc_object_manager.cpp:153
Connecting an SC-side proxy port for 'fabricServer.softSwitch.rxPort5' with lookup string ':txEtherFrameConduit5' for later connection with SV

Warning: (W505) object already exists: fabricServer.uvmc_registry.:txEtherFrameConduit5. Latter declaration will be renamed to fabricServer.uvmc_registry.:txEtherFrameConduit5_0
In file: ../../../src/sysc/kernel/sc_object_manager.cpp:153

Warning: (W505) object already exists: fabricServer.uvmc_registry.:txEtherFrameConduit5. Latter declaration will be renamed to fabricServer.uvmc_registry.:txEtherFrameConduit5_1
In file: ../../../src/sysc/kernel/sc_object_manager.cpp:153
Connecting an SC-side proxy chan for 'fabricServer.softSwitch.txPort5' with lookup string ':rxEtherFrameConduit5' for later connection with SV

Warning: (W505) object already exists: fabricServer.:rxEtherFrameConduit5. Latter declaration will be renamed to fabricServer.:rxEtherFrameConduit5_0
In file: ../../../src/sysc/kernel/sc_object_manager.cpp:153

Warning: (W505) object already exists: fabricServer.:rxEtherFrameConduit5. Latter declaration will be renamed to fabricServer.:rxEtherFrameConduit5_1
In file: ../../../src/sysc/kernel/sc_object_manager.cpp:153
Connecting an SC-side proxy chan for 'fabricServer.vsiSimCtrl.txPort5' with lookup string ':rxConfigPort5' for later connection with SV

Warning: (W505) object already exists: fabricServer.:rxConfigPort5. Latter declaration will be renamed to fabricServer.:rxConfigPort5_0
In file: ../../../src/sysc/kernel/sc_object_manager.cpp:153

Warning: (W505) object already exists: fabricServer.:rxConfigPort5. Latter declaration will be renamed to fabricServer.:rxConfigPort5_1
In file: ../../../src/sysc/kernel/sc_object_manager.cpp:153
Connecting an SC-side proxy port for 'fabricServer.vsiSimCtrl.rxPort5' with lookup string ':txConfigPort5' for later connection with SV

Warning: (W505) object already exists: fabricServer.uvmc_registry.:txConfigPort5. Latter declaration will be renamed to fabricServer.uvmc_registry.:txConfigPort5_0
In file: ../../../src/sysc/kernel/sc_object_manager.cpp:153

Warning: (W505) object already exists: fabricServer.uvmc_registry.:txConfigPort5. Latter declaration will be renamed to fabricServer.uvmc_registry.:txConfigPort5_1
In file: ../../../src/sysc/kernel/sc_object_manager.cpp:153
+=+ XLVIP-INFO: XlSyscTlmResetServer::connect() conduitName=:resetServerConduit6 index=6 calling uvmc_connect<>() ...
Connecting an SC-side proxy port for 'fabricServer.resetServer.simple_target_socket_6' with lookup string ':resetServerConduit6' for later connection with SV

Warning: (W505) object already exists: fabricServer.uvmc_registry.:resetServerConduit6. Latter declaration will be renamed to fabricServer.uvmc_registry.:resetServerConduit6_0
In file: ../../../src/sysc/kernel/sc_object_manager.cpp:153

Warning: (W505) object already exists: fabricServer.uvmc_registry.:resetServerConduit6. Latter declaration will be renamed to fabricServer.uvmc_registry.:resetServerConduit6_1
In file: ../../../src/sysc/kernel/sc_object_manager.cpp:153
XLVIP-INFO: XlSyscTlmResetServer::connect() uvmc_connect<>() returnedProxy=0x2c01e730
Connecting an SC-side proxy port for 'fabricServer.rver.advanceTargetSocket' with lookup string ':timeServerConduit6' for later connection with SV

Warning: (W505) object already exists: fabricServer.uvmc_registry.:timeServerConduit6. Latter declaration will be renamed to fabricServer.uvmc_registry.:timeServerConduit6_0
In file: ../../../src/sysc/kernel/sc_object_manager.cpp:153

Warning: (W505) object already exists: fabricServer.uvmc_registry.:timeServerConduit6. Latter declaration will be renamed to fabricServer.uvmc_registry.:timeServerConduit6_1
In file: ../../../src/sysc/kernel/sc_object_manager.cpp:153
Connecting an SC-side proxy port for 'fabricServer.softSwitch.rxPort6' with lookup string ':txEtherFrameConduit6' for later connection with SV

Warning: (W505) object already exists: fabricServer.uvmc_registry.:txEtherFrameConduit6. Latter declaration will be renamed to fabricServer.uvmc_registry.:txEtherFrameConduit6_0
In file: ../../../src/sysc/kernel/sc_object_manager.cpp:153

Warning: (W505) object already exists: fabricServer.uvmc_registry.:txEtherFrameConduit6. Latter declaration will be renamed to fabricServer.uvmc_registry.:txEtherFrameConduit6_1
In file: ../../../src/sysc/kernel/sc_object_manager.cpp:153
Connecting an SC-side proxy chan for 'fabricServer.softSwitch.txPort6' with lookup string ':rxEtherFrameConduit6' for later connection with SV

Warning: (W505) object already exists: fabricServer.:rxEtherFrameConduit6. Latter declaration will be renamed to fabricServer.:rxEtherFrameConduit6_0
In file: ../../../src/sysc/kernel/sc_object_manager.cpp:153

Warning: (W505) object already exists: fabricServer.:rxEtherFrameConduit6. Latter declaration will be renamed to fabricServer.:rxEtherFrameConduit6_1
In file: ../../../src/sysc/kernel/sc_object_manager.cpp:153
Connecting an SC-side proxy chan for 'fabricServer.vsiSimCtrl.txPort6' with lookup string ':rxConfigPort6' for later connection with SV

Warning: (W505) object already exists: fabricServer.:rxConfigPort6. Latter declaration will be renamed to fabricServer.:rxConfigPort6_0
In file: ../../../src/sysc/kernel/sc_object_manager.cpp:153

Warning: (W505) object already exists: fabricServer.:rxConfigPort6. Latter declaration will be renamed to fabricServer.:rxConfigPort6_1
In file: ../../../src/sysc/kernel/sc_object_manager.cpp:153
Connecting an SC-side proxy port for 'fabricServer.vsiSimCtrl.rxPort6' with lookup string ':txConfigPort6' for later connection with SV

Warning: (W505) object already exists: fabricServer.uvmc_registry.:txConfigPort6. Latter declaration will be renamed to fabricServer.uvmc_registry.:txConfigPort6_0
In file: ../../../src/sysc/kernel/sc_object_manager.cpp:153

Warning: (W505) object already exists: fabricServer.uvmc_registry.:txConfigPort6. Latter declaration will be renamed to fabricServer.uvmc_registry.:txConfigPort6_1
In file: ../../../src/sysc/kernel/sc_object_manager.cpp:153
+=+ XLVIP-INFO: XlTlmMessageLayer::connectToClient():
+=+    Listening for client ':remoteSession0' domain=AF_UNIX portNum=50101 ...
+=+ XLVIP-INFO: XlTlmMessageLayer::connectToClient():
+=+    Listening for client ':remoteSession1' domain=AF_UNIX portNum=50102 ...
+=+ XLVIP-INFO: XlTlmMessageLayer::connectToClient():
+=+    Listening for client ':remoteSession2' domain=AF_UNIX portNum=50103 ...
+=+ XLVIP-INFO: XlTlmMessageLayer::connectToClient():
+=+    Listening for client ':remoteSession3' domain=AF_UNIX portNum=50104 ...
+=+ XLVIP-INFO: XlTlmMessageLayer::connectToClient():
+=+    Listening for client ':remoteSession4' domain=AF_UNIX portNum=50105 ...
+=+ XLVIP-INFO: XlTlmMessageLayer::connectToClient():
+=+    Listening for client ':remoteSession5' domain=AF_UNIX portNum=50106 ...
+=+ XLVIP-INFO: XlTlmMessageLayer::connectToClient():
+=+    Listening for client ':remoteSession6' domain=AF_UNIX portNum=50107 ...
+=+ XLVIP-INFO: XlTlmMessageLayer::listenForAllClients() Server 'localhost' listening for clients ...
+=+ INFO: FabricServer::start_of_simulation() Waiting for client connections ...
@0 ns (SC time) +=+ INFO: Awaiting reset ...
+=+ XLVIP-INFO: XlTlmMessageLayer::collectClientConnections():
+=+    Successfully connected to client ':remoteSession0@0.0.0.0'
+=+    Negotiated socket connection configuration
+=+        Use socket manager thread=FALSE
+=+        Use TCP_NODELAY=TRUE
+=+        Use UDP=FALSE
+=+ XLVIP-INFO: XlTlmMessageLayer::collectClientConnections():
+=+    Successfully connected to client ':remoteSession1@0.0.0.0'
+=+    Negotiated socket connection configuration
+=+        Use socket manager thread=FALSE
+=+        Use TCP_NODELAY=TRUE
+=+        Use UDP=FALSE
+=+ XLVIP-INFO: XlTlmMessageLayer::collectClientConnections():
+=+    Successfully connected to client ':remoteSession2@0.0.0.0'
+=+    Negotiated socket connection configuration
+=+        Use socket manager thread=FALSE
+=+        Use TCP_NODELAY=TRUE
+=+        Use UDP=FALSE
+=+ XLVIP-INFO: XlTlmMessageLayer::collectClientConnections():
+=+    Successfully connected to client ':remoteSession3@0.0.0.0'
+=+    Negotiated socket connection configuration
+=+        Use socket manager thread=FALSE
+=+        Use TCP_NODELAY=TRUE
+=+        Use UDP=FALSE
+=+ XLVIP-INFO: XlTlmMessageLayer::collectClientConnections():
+=+    Successfully connected to client ':remoteSession4@0.0.0.0'
+=+    Negotiated socket connection configuration
+=+        Use socket manager thread=FALSE
+=+        Use TCP_NODELAY=TRUE
+=+        Use UDP=FALSE
+=+ XLVIP-INFO: XlTlmMessageLayer::collectClientConnections():
+=+    Successfully connected to client ':remoteSession5@0.0.0.0'
+=+    Negotiated socket connection configuration
+=+        Use socket manager thread=FALSE
+=+        Use TCP_NODELAY=TRUE
+=+        Use UDP=FALSE
+=+ XLVIP-INFO: XlTlmMessageLayer::collectClientConnections():
+=+    Successfully connected to client ':remoteSession6@0.0.0.0'
+=+    Negotiated socket connection configuration
+=+        Use socket manager thread=FALSE
+=+        Use TCP_NODELAY=TRUE
+=+        Use UDP=FALSE
+=+ XLVIP-INFO: FabricServer: Using SALT library path: /data/tools/pave/innexis_home/vsi_2025.2//common/license/salt_2.4.2/salt_sdk/lnx64/bin
+=+ XLVIP-INFO: FabricServer: Package info file is: /data/tools/pave/innexis_home/vsi_2025.2//common/license/salt_2.4.2/salt_sdk/lnx64/bin/mgc.pkginfo
+=+ XLVIP-INFO: FabricServer: Attempting to checkout license 'VeloceStratoOS' : Checked out license.

Info: XLVIP-INFO: TLM fabric backplane license checkout successful.
+=+ XLVIP-INFO: XlRemoteTlmConduit::ipcServiceLoop():
+=+    Received remote client ::connect() request:
           clientUrl=0.0.0.0
+=+        conduitId=:timeServerConduit0
           remoteClientConduitHandle=0x61530e8131f8
           localServerProxyConduit=0x2bf9dd50
+=+ XLVIP-INFO: XlRemoteTlmConduit::ipcServiceLoop():
+=+    Received remote client ::connect() request:
           clientUrl=0.0.0.0
+=+        conduitId=:resetServerConduit0
           remoteClientConduitHandle=0x61530e826cd8
           localServerProxyConduit=0x2bf99f20
+=+ XLVIP-INFO: XlRemoteTlmConduit::ipcServiceLoop():
+=+    Received remote client ::connect() request:
           clientUrl=0.0.0.0
+=+        conduitId=:txConfigPort0
           remoteClientConduitHandle=0x61530ea82430
           localServerProxyConduit=0x2bfad6c0
+=+ XLVIP-INFO: XlRemoteTlmConduit::ipcServiceLoop():
+=+    Received remote client ::connect() request:
           clientUrl=0.0.0.0
+=+        conduitId=:rxConfigPort0
           remoteClientConduitHandle=0x61530e7f2ea0
           localServerProxyConduit=0x2bfa9a20
+=+ XLVIP-INFO: XlRemoteTlmConduit::ipcServiceLoop():
+=+    Received remote client ::connect() request:
           clientUrl=0.0.0.0
+=+        conduitId=:txEtherFrameConduit0
           remoteClientConduitHandle=0x61530e82fc70
           localServerProxyConduit=0x2bfa1fe0
+=+ XLVIP-INFO: XlRemoteTlmConduit::ipcServiceLoop():
+=+    Received remote client ::connect() request:
           clientUrl=0.0.0.0
+=+        conduitId=:rxEtherFrameConduit0
           remoteClientConduitHandle=0x61530e857dd0
           localServerProxyConduit=0x2bfa5f80
+=+ XLVIP-INFO: XlRemoteTlmConduit::ipcServiceLoop():
+=+    Received remote client ::connect() request:
           clientUrl=0.0.0.0
+=+        conduitId=:timeServerConduit1
           remoteClientConduitHandle=0x5e7d684166b8
           localServerProxyConduit=0x2bfb5370
+=+ XLVIP-INFO: XlRemoteTlmConduit::ipcServiceLoop():
+=+    Received remote client ::connect() request:
           clientUrl=0.0.0.0
+=+        conduitId=:resetServerConduit1
           remoteClientConduitHandle=0x5e7d6842e848
           localServerProxyConduit=0x2bfb1580
+=+ XLVIP-INFO: XlRemoteTlmConduit::ipcServiceLoop():
+=+    Received remote client ::connect() request:
           clientUrl=0.0.0.0
+=+        conduitId=:txConfigPort1
           remoteClientConduitHandle=0x5e7d684010f0
           localServerProxyConduit=0x2bfc3c80
+=+ XLVIP-INFO: XlRemoteTlmConduit::ipcServiceLoop():
+=+    Received remote client ::connect() request:
           clientUrl=0.0.0.0
+=+        conduitId=:rxConfigPort1
           remoteClientConduitHandle=0x5e7d682d7d30
           localServerProxyConduit=0x2bfc0060
+=+ XLVIP-INFO: XlRemoteTlmConduit::ipcServiceLoop():
+=+    Received remote client ::connect() request:
           clientUrl=0.0.0.0
+=+        conduitId=:txEtherFrameConduit1
           remoteClientConduitHandle=0x5e7d683f7060
           localServerProxyConduit=0x2bfb8e90
+=+ XLVIP-INFO: XlRemoteTlmConduit::ipcServiceLoop():
+=+    Received remote client ::connect() request:
           clientUrl=0.0.0.0
+=+        conduitId=:rxEtherFrameConduit1
           remoteClientConduitHandle=0x5e7d68485df0
           localServerProxyConduit=0x2bfbc950
+=+ XLVIP-INFO: XlRemoteTlmConduit::ipcServiceLoop():
+=+    Received remote client ::connect() request:
           clientUrl=0.0.0.0
+=+        conduitId=:timeServerConduit2
           remoteClientConduitHandle=0x5cea7217f448
           localServerProxyConduit=0x2bfcb0c0
+=+ XLVIP-INFO: XlRemoteTlmConduit::ipcServiceLoop():
+=+    Received remote client ::connect() request:
           clientUrl=0.0.0.0
+=+        conduitId=:resetServerConduit2
           remoteClientConduitHandle=0x5cea72111fb8
           localServerProxyConduit=0x2bfc76f0
+=+ XLVIP-INFO: XlRemoteTlmConduit::ipcServiceLoop():
+=+    Received remote client ::connect() request:
           clientUrl=0.0.0.0
+=+        conduitId=:txConfigPort2
           remoteClientConduitHandle=0x5cea7222de60
           localServerProxyConduit=0x2bfda4c0
+=+ XLVIP-INFO: XlRemoteTlmConduit::ipcServiceLoop():
+=+    Received remote client ::connect() request:
           clientUrl=0.0.0.0
+=+        conduitId=:rxConfigPort2
           remoteClientConduitHandle=0x5cea7227d7d0
           localServerProxyConduit=0x2bfd68a0
+=+ XLVIP-INFO: XlRemoteTlmConduit::ipcServiceLoop():
+=+    Received remote client ::connect() request:
           clientUrl=0.0.0.0
+=+        conduitId=:txEtherFrameConduit2
           remoteClientConduitHandle=0x5cea720d7b30
           localServerProxyConduit=0x2bfcfb60
+=+ XLVIP-INFO: XlRemoteTlmConduit::ipcServiceLoop():
+=+    Received remote client ::connect() request:
           clientUrl=0.0.0.0
+=+        conduitId=:rxEtherFrameConduit2
           remoteClientConduitHandle=0x5cea7229f1f0
           localServerProxyConduit=0x2bfd31d0
+=+ XLVIP-INFO: XlRemoteTlmConduit::ipcServiceLoop():
+=+    Received remote client ::connect() request:
           clientUrl=0.0.0.0
+=+        conduitId=:timeServerConduit3
           remoteClientConduitHandle=0x5e18b5297f88
           localServerProxyConduit=0x2bfe2080
+=+ XLVIP-INFO: XlRemoteTlmConduit::ipcServiceLoop():
+=+    Received remote client ::connect() request:
           clientUrl=0.0.0.0
+=+        conduitId=:resetServerConduit3
           remoteClientConduitHandle=0x5e18b52c0a08
           localServerProxyConduit=0x2bfddf30
+=+ XLVIP-INFO: XlRemoteTlmConduit::ipcServiceLoop():
+=+    Received remote client ::connect() request:
           clientUrl=0.0.0.0
+=+        conduitId=:txConfigPort3
           remoteClientConduitHandle=0x5e18b5143a30
           localServerProxyConduit=0x2bff0900
+=+ XLVIP-INFO: XlRemoteTlmConduit::ipcServiceLoop():
+=+    Received remote client ::connect() request:
           clientUrl=0.0.0.0
+=+        conduitId=:rxConfigPort3
           remoteClientConduitHandle=0x5e18b5307410
           localServerProxyConduit=0x2bfec8d0
+=+ XLVIP-INFO: XlRemoteTlmConduit::ipcServiceLoop():
+=+    Received remote client ::connect() request:
           clientUrl=0.0.0.0
+=+        conduitId=:txEtherFrameConduit3
           remoteClientConduitHandle=0x5e18b5299a80
           localServerProxyConduit=0x2bfe5b20
+=+ XLVIP-INFO: XlRemoteTlmConduit::ipcServiceLoop():
+=+    Received remote client ::connect() request:
           clientUrl=0.0.0.0
+=+        conduitId=:rxEtherFrameConduit3
           remoteClientConduitHandle=0x5e18b535d220
           localServerProxyConduit=0x2bfe91d0
+=+ XLVIP-INFO: XlRemoteTlmConduit::ipcServiceLoop():
+=+    Received remote client ::connect() request:
           clientUrl=0.0.0.0
+=+        conduitId=:timeServerConduit4
           remoteClientConduitHandle=0x5d9152589f78
           localServerProxyConduit=0x2bff7d10
+=+ XLVIP-INFO: XlRemoteTlmConduit::ipcServiceLoop():
+=+    Received remote client ::connect() request:
           clientUrl=0.0.0.0
+=+        conduitId=:resetServerConduit4
           remoteClientConduitHandle=0x5d9152564228
           localServerProxyConduit=0x2bff4370
+=+ XLVIP-INFO: XlRemoteTlmConduit::ipcServiceLoop():
+=+    Received remote client ::connect() request:
           clientUrl=0.0.0.0
+=+        conduitId=:txConfigPort4
           remoteClientConduitHandle=0x5d915240b4e0
           localServerProxyConduit=0x2c0071d0
+=+ XLVIP-INFO: XlRemoteTlmConduit::ipcServiceLoop():
+=+    Received remote client ::connect() request:
           clientUrl=0.0.0.0
+=+        conduitId=:rxConfigPort4
           remoteClientConduitHandle=0x5d91525f4010
           localServerProxyConduit=0x2c0035b0
+=+ XLVIP-INFO: XlRemoteTlmConduit::ipcServiceLoop():
+=+    Received remote client ::connect() request:
           clientUrl=0.0.0.0
+=+        conduitId=:txEtherFrameConduit4
           remoteClientConduitHandle=0x5d9152356f60
           localServerProxyConduit=0x2bffb7a0
+=+ XLVIP-INFO: XlRemoteTlmConduit::ipcServiceLoop():
+=+    Received remote client ::connect() request:
           clientUrl=0.0.0.0
+=+        conduitId=:rxEtherFrameConduit4
           remoteClientConduitHandle=0x5d91525ab990
           localServerProxyConduit=0x2bfff6a0
+=+ XLVIP-INFO: XlRemoteTlmConduit::ipcServiceLoop():
+=+    Received remote client ::connect() request:
           clientUrl=0.0.0.0
+=+        conduitId=:timeServerConduit5
           remoteClientConduitHandle=0x55c794bae878
           localServerProxyConduit=0x2c00e660
+=+ XLVIP-INFO: XlRemoteTlmConduit::ipcServiceLoop():
+=+    Received remote client ::connect() request:
           clientUrl=0.0.0.0
+=+        conduitId=:resetServerConduit5
           remoteClientConduitHandle=0x55c794b6bf18
           localServerProxyConduit=0x2c00ac40
+=+ XLVIP-INFO: XlRemoteTlmConduit::ipcServiceLoop():
+=+    Received remote client ::connect() request:
           clientUrl=0.0.0.0
+=+        conduitId=:txConfigPort5
           remoteClientConduitHandle=0x55c7949d0690
           localServerProxyConduit=0x2c01caa0
+=+ XLVIP-INFO: XlRemoteTlmConduit::ipcServiceLoop():
+=+    Received remote client ::connect() request:
           clientUrl=0.0.0.0
+=+        conduitId=:rxConfigPort5
           remoteClientConduitHandle=0x55c794c0db20
           localServerProxyConduit=0x2c018e80
+=+ XLVIP-INFO: XlRemoteTlmConduit::ipcServiceLoop():
+=+    Received remote client ::connect() request:
           clientUrl=0.0.0.0
+=+        conduitId=:txEtherFrameConduit5
           remoteClientConduitHandle=0x55c794b1fec0
           localServerProxyConduit=0x2c0120d0
+=+ XLVIP-INFO: XlRemoteTlmConduit::ipcServiceLoop():
+=+    Received remote client ::connect() request:
           clientUrl=0.0.0.0
+=+        conduitId=:rxEtherFrameConduit5
           remoteClientConduitHandle=0x55c794bcffb0
           localServerProxyConduit=0x2c015780
+=+ XLVIP-INFO: XlRemoteTlmConduit::ipcServiceLoop():
+=+    Received remote client ::connect() request:
           clientUrl=0.0.0.0
+=+        conduitId=:timeServerConduit6
           remoteClientConduitHandle=0x5df74840b2f8
           localServerProxyConduit=0x2c023f30
+=+ XLVIP-INFO: XlRemoteTlmConduit::ipcServiceLoop():
+=+    Received remote client ::connect() request:
           clientUrl=0.0.0.0
+=+        conduitId=:resetServerConduit6
           remoteClientConduitHandle=0x5df748262498
           localServerProxyConduit=0x2c020510
+=+ XLVIP-INFO: XlRemoteTlmConduit::ipcServiceLoop():
+=+    Received remote client ::connect() request:
           clientUrl=0.0.0.0
+=+        conduitId=:txConfigPort6
           remoteClientConduitHandle=0x5df7483bf1f0
           localServerProxyConduit=0x2c032b10
+=+ XLVIP-INFO: XlRemoteTlmConduit::ipcServiceLoop():
+=+    Received remote client ::connect() request:
           clientUrl=0.0.0.0
+=+        conduitId=:rxConfigPort6
           remoteClientConduitHandle=0x5df748397050
           localServerProxyConduit=0x2c02eef0
+=+ XLVIP-INFO: XlRemoteTlmConduit::ipcServiceLoop():
+=+    Received remote client ::connect() request:
           clientUrl=0.0.0.0
+=+        conduitId=:txEtherFrameConduit6
           remoteClientConduitHandle=0x5df7483c8bd0
           localServerProxyConduit=0x2c028140
+=+ XLVIP-INFO: XlRemoteTlmConduit::ipcServiceLoop():
+=+    Received remote client ::connect() request:
           clientUrl=0.0.0.0
+=+        conduitId=:rxEtherFrameConduit6
           remoteClientConduitHandle=0x5df748235cb0
           localServerProxyConduit=0x2c02b7f0
+=+ XLVIP-INFO: XlTlmMessageLayer::collectClientConnections(): Got all clients !
@100 ns (SC time)+=+ INFO: ... got it!
[0;34m
//  Copyright Siemens 2022
//  Innexis VSI Digital Twin Simulator
//  This software and related documentation are proprietary
//  and confidential to Siemens.
//  release: v2025.2, Build: 04Jun2025

[0;34m
VSISim> step 50
[0;34m
VSISim> E-H5Ihj/9eaz42FEluUdqR2d99meCW1Ylz5xXsqQT7oN5n4NJWL5TCKXV3CcXcH5uh7mhWtL0fvcPbsf68prrGtW87jLboJuMgjgsn5CYmgsWymkRpgGRKCEl1H41Uv/xYmLQQlYaW7KJvcwk78/ZPQweJJ0+chbagHijdH1szz9Ep+YgLT5eu/3q/eUouyvMZ2U+SjvL6n6+pm0CP1uZDkMAmkUiL/c4kmi5SZqURgLDvuDPh2+9WwuwhIeP0U9UAqDqUH0KyzqvkjhgvN7aMvxpVRwu6a+smUj1kAGOU/9/YPy66tsh2SuohfB4shs5KA9VmKxsPYijKjz9yKcCr4LxqY44SLlAyp4XFEwh5aPPXTFWRuaKPqSyIkY98cuZUo7oemeciQXgjwBStmzfp3X9ZeoeGs1udpyFCyHczaFB28YjGJB6C/geMP39alecyRTs5z6LpqtXVaQ91/GLSPxjoMeQ0KJeTUG7HFQAyUd56CDdKjgyTt7rZofJfwsFnopWotHY8psAWi9CgRS+XdltDKmU0s4ni/GEy22v0MyvvHgl05C5ylK4hC8oNM+TQ4Tfh2F5/Ecp943cLQ9xrgCFzg2YWnUXIn1eM/Jiq185h0PFAu8LlPQIRd4VHyJudqgiLVlnKAuJ363FcAaCtCeSEwQFw/A1tJ9wIETJRaWDu5FjL8/VVcpl8NwZn+kReoQ5ni3woKG1hSvhRexfNASnVNJqzTmwRHJ2KkSltSDOOvZIa4m/rlBb89ElbbD8WEsLASK1ToPHuiMX1RGY85wkId9BI98zrlbk3UnIKrkNnXtDABUnkCpdNQ6vkBA==-F
=+= VSI-SIMCTRL-ERROR: Failed to read from VsiSimInputParser

Info: /OSCI/SystemC: Simulation stopped by user.
